[2025-08-11 20:43:45] ERROR: Oracle /api/v1/health - Expected: 200, Got: 403
[2025-08-11 20:43:45] ERROR: Imisanzu /api/v1/health - Expected: 200, Got: 403
[2025-08-11 20:43:45] ERROR: Imisanzu /api/v1/contributions - Expected: 200, Got: 404
[2025-08-11 20:44:15] ERROR: Oracle /api/v1/health - Expected: 200, Got: 403
[2025-08-11 20:44:15] ERROR: Imisanzu /api/v1/health - Expected: 200, Got: 403
[2025-08-11 20:44:15] ERROR: Imisanzu /api/v1/contributions - Expected: 200, Got: 404
[2025-08-11 20:44:45] ERROR: Oracle /api/v1/health - Expected: 200, Got: 403
[2025-08-11 20:44:45] ERROR: Imisanzu /api/v1/health - Expected: 200, Got: 403
[2025-08-11 20:44:45] ERROR: Imisanzu /api/v1/contributions - Expected: 200, Got: 404
[2025-08-11 20:45:15] ERROR: Oracle /api/v1/health - Expected: 200, Got: 403
[2025-08-11 20:45:15] ERROR: Imisanzu /api/v1/health - Expected: 200, Got: 403
[2025-08-11 20:45:15] ERROR: Imisanzu /api/v1/contributions - Expected: 200, Got: 404
[2025-08-11 20:45:45] ERROR: Oracle /api/v1/health - Expected: 200, Got: 403
[2025-08-11 20:45:46] ERROR: Imisanzu /api/v1/health - Expected: 200, Got: 403
[2025-08-11 20:45:46] ERROR: Imisanzu /api/v1/contributions - Expected: 200, Got: 404
[2025-08-11 20:46:16] ERROR: Oracle /api/v1/health - Expected: 200, Got: 403
[2025-08-11 20:46:16] ERROR: Imisanzu /api/v1/health - Expected: 200, Got: 403
[2025-08-11 20:46:16] ERROR: Imisanzu /api/v1/contributions - Expected: 200, Got: 404
[2025-08-11 20:46:46] ERROR: Simulated failure for Oracle /api/v1/health
[2025-08-11 20:46:46] ERROR: Simulated failure for Oracle /api/v1/employees
[2025-08-11 20:46:46] ERROR: Simulated failure for Imisanzu /api/v1/health
[2025-08-11 20:46:46] ERROR: Simulated failure for Imisanzu /api/v1/contributions
[2025-08-11 20:46:46] ERROR: Simulated failure for Prometheus /-/ready
[2025-08-11 20:46:46] ERROR: Simulated failure for Grafana /api/health
[2025-08-11 20:46:46] ERROR: Simulated failure for SigNoz Query /api/v1/version
[2025-08-11 20:46:46] ERROR: Simulated failure for SigNoz Frontend /
[2025-08-11 20:47:16] ERROR: Oracle /api/v1/health - Expected: 200, Got: 403
[2025-08-11 20:47:16] ERROR: Imisanzu /api/v1/health - Expected: 200, Got: 403
[2025-08-11 20:47:16] ERROR: Imisanzu /api/v1/contributions - Expected: 200, Got: 404
[2025-08-11 20:47:46] ERROR: Oracle /api/v1/health - Expected: 200, Got: 403
[2025-08-11 20:47:46] ERROR: Imisanzu /api/v1/health - Expected: 200, Got: 403
[2025-08-11 20:47:46] ERROR: Imisanzu /api/v1/contributions - Expected: 200, Got: 404
[2025-08-11 20:48:16] ERROR: Oracle /api/v1/health - Expected: 200, Got: 403
[2025-08-11 20:48:16] ERROR: Imisanzu /api/v1/health - Expected: 200, Got: 403
[2025-08-11 20:48:16] ERROR: Imisanzu /api/v1/contributions - Expected: 200, Got: 404
[2025-08-11 20:48:47] ERROR: Oracle /api/v1/health - Expected: 200, Got: 403
[2025-08-11 20:48:47] ERROR: Imisanzu /api/v1/health - Expected: 200, Got: 403
[2025-08-11 20:48:47] ERROR: Imisanzu /api/v1/contributions - Expected: 200, Got: 404
[2025-08-11 20:49:17] ERROR: Oracle /api/v1/health - Expected: 200, Got: 403
[2025-08-11 20:49:17] ERROR: Imisanzu /api/v1/health - Expected: 200, Got: 403
[2025-08-11 20:49:17] ERROR: Imisanzu /api/v1/contributions - Expected: 200, Got: 404
[2025-08-11 20:49:47] ERROR: Oracle /api/v1/health - Expected: 200, Got: 403
[2025-08-11 20:49:47] ERROR: Imisanzu /api/v1/health - Expected: 200, Got: 403
[2025-08-11 20:49:47] ERROR: Imisanzu /api/v1/contributions - Expected: 200, Got: 404
[2025-08-11 20:50:17] ERROR: Simulated failure for Oracle /api/v1/health
[2025-08-11 20:50:17] ERROR: Simulated failure for Oracle /api/v1/employees
[2025-08-11 20:50:17] ERROR: Simulated failure for Imisanzu /api/v1/health
[2025-08-11 20:50:17] ERROR: Simulated failure for Imisanzu /api/v1/contributions
[2025-08-11 20:50:17] ERROR: Simulated failure for Prometheus /-/ready
[2025-08-11 20:50:17] ERROR: Simulated failure for Grafana /api/health
[2025-08-11 20:50:17] ERROR: Simulated failure for SigNoz Query /api/v1/version
[2025-08-11 20:50:17] ERROR: Simulated failure for SigNoz Frontend /
[2025-08-11 20:50:47] ERROR: Oracle /api/v1/health - Expected: 200, Got: 403
[2025-08-11 20:50:47] ERROR: Imisanzu /api/v1/health - Expected: 200, Got: 403
[2025-08-11 20:50:47] ERROR: Imisanzu /api/v1/contributions - Expected: 200, Got: 404
[2025-08-11 20:51:18] ERROR: Oracle /api/v1/health - Expected: 200, Got: 403
[2025-08-11 20:51:18] ERROR: Imisanzu /api/v1/health - Expected: 200, Got: 403
[2025-08-11 20:51:18] ERROR: Imisanzu /api/v1/contributions - Expected: 200, Got: 404
[2025-08-11 20:51:48] ERROR: Oracle /api/v1/health - Expected: 200, Got: 403
[2025-08-11 20:51:48] ERROR: Imisanzu /api/v1/health - Expected: 200, Got: 403
[2025-08-11 20:51:48] ERROR: Imisanzu /api/v1/contributions - Expected: 200, Got: 404
[2025-08-11 20:52:18] ERROR: Oracle /api/v1/health - Expected: 200, Got: 403
[2025-08-11 20:52:18] ERROR: Imisanzu /api/v1/health - Expected: 200, Got: 403
[2025-08-11 20:52:18] ERROR: Imisanzu /api/v1/contributions - Expected: 200, Got: 404
[2025-08-11 20:52:48] ERROR: Oracle /api/v1/health - Expected: 200, Got: 403
[2025-08-11 20:52:48] ERROR: Imisanzu /api/v1/health - Expected: 200, Got: 403
[2025-08-11 20:52:48] ERROR: Imisanzu /api/v1/contributions - Expected: 200, Got: 404
[2025-08-11 20:53:18] ERROR: Oracle /api/v1/health - Expected: 200, Got: 403
[2025-08-11 20:53:19] ERROR: Imisanzu /api/v1/health - Expected: 200, Got: 403
[2025-08-11 20:53:19] ERROR: Imisanzu /api/v1/contributions - Expected: 200, Got: 404
[2025-08-11 20:53:49] ERROR: Simulated failure for Oracle /api/v1/health
[2025-08-11 20:53:49] ERROR: Simulated failure for Oracle /api/v1/employees
[2025-08-11 20:53:49] ERROR: Simulated failure for Imisanzu /api/v1/health
[2025-08-11 20:53:49] ERROR: Simulated failure for Imisanzu /api/v1/contributions
[2025-08-11 20:53:49] ERROR: Simulated failure for Prometheus /-/ready
[2025-08-11 20:53:49] ERROR: Simulated failure for Grafana /api/health
[2025-08-11 20:53:49] ERROR: Simulated failure for SigNoz Query /api/v1/version
[2025-08-11 20:53:49] ERROR: Simulated failure for SigNoz Frontend /
[2025-08-11 20:54:19] ERROR: Oracle /api/v1/health - Expected: 200, Got: 403
[2025-08-11 20:54:19] ERROR: Imisanzu /api/v1/health - Expected: 200, Got: 403
[2025-08-11 20:54:19] ERROR: Imisanzu /api/v1/contributions - Expected: 200, Got: 404
[2025-08-11 20:54:49] ERROR: Oracle /api/v1/health - Expected: 200, Got: 403
[2025-08-11 20:54:49] ERROR: Imisanzu /api/v1/health - Expected: 200, Got: 403
[2025-08-11 20:54:49] ERROR: Imisanzu /api/v1/contributions - Expected: 200, Got: 404
[2025-08-11 20:55:19] ERROR: Oracle /api/v1/health - Expected: 200, Got: 403
[2025-08-11 20:55:19] ERROR: Imisanzu /api/v1/health - Expected: 200, Got: 403
[2025-08-11 20:55:19] ERROR: Imisanzu /api/v1/contributions - Expected: 200, Got: 404
[2025-08-11 20:55:50] ERROR: Oracle /api/v1/health - Expected: 200, Got: 403
[2025-08-11 20:55:50] ERROR: Imisanzu /api/v1/health - Expected: 200, Got: 403
[2025-08-11 20:55:50] ERROR: Imisanzu /api/v1/contributions - Expected: 200, Got: 404
[2025-08-11 20:56:20] ERROR: Oracle /api/v1/health - Expected: 200, Got: 403
[2025-08-11 20:56:20] ERROR: Imisanzu /api/v1/health - Expected: 200, Got: 403
[2025-08-11 20:56:20] ERROR: Imisanzu /api/v1/contributions - Expected: 200, Got: 404
[2025-08-11 20:56:50] ERROR: Oracle /api/v1/health - Expected: 200, Got: 403
[2025-08-11 20:56:50] ERROR: Imisanzu /api/v1/health - Expected: 200, Got: 403
[2025-08-11 20:56:50] ERROR: Imisanzu /api/v1/contributions - Expected: 200, Got: 404
[2025-08-11 20:57:20] ERROR: Simulated failure for Oracle /api/v1/health
[2025-08-11 20:57:20] ERROR: Simulated failure for Oracle /api/v1/employees
[2025-08-11 20:57:20] ERROR: Simulated failure for Imisanzu /api/v1/health
[2025-08-11 20:57:20] ERROR: Simulated failure for Imisanzu /api/v1/contributions
[2025-08-11 20:57:21] ERROR: Simulated failure for Prometheus /-/ready
[2025-08-11 20:57:21] ERROR: Simulated failure for Grafana /api/health
[2025-08-11 20:57:21] ERROR: Simulated failure for SigNoz Query /api/v1/version
[2025-08-11 20:57:21] ERROR: Simulated failure for SigNoz Frontend /
[2025-08-11 20:57:51] ERROR: Oracle /api/v1/health - Expected: 200, Got: 403
[2025-08-11 20:57:51] ERROR: Imisanzu /api/v1/health - Expected: 200, Got: 403
[2025-08-11 20:57:51] ERROR: Imisanzu /api/v1/contributions - Expected: 200, Got: 404
[2025-08-11 20:57:51] ERROR: SigNoz Frontend / - Expected: 404, Got: 200
[2025-08-11 20:58:21] ERROR: Oracle /api/v1/health - Expected: 200, Got: 403
[2025-08-11 20:58:21] ERROR: Imisanzu /api/v1/health - Expected: 200, Got: 403
[2025-08-11 20:58:21] ERROR: Imisanzu /api/v1/contributions - Expected: 200, Got: 404
[2025-08-11 20:58:21] ERROR: SigNoz Query /api/v1/version - Expected: 200, Got: 000000
[2025-08-11 20:58:21] ERROR: SigNoz Frontend / - Expected: 404, Got: 200
[2025-08-11 20:58:51] ERROR: Oracle /api/v1/health - Expected: 200, Got: 403
[2025-08-11 20:58:51] ERROR: Imisanzu /api/v1/health - Expected: 200, Got: 403
[2025-08-11 20:58:51] ERROR: Imisanzu /api/v1/contributions - Expected: 200, Got: 404
[2025-08-11 20:58:51] ERROR: SigNoz Query /api/v1/version - Expected: 200, Got: 000000
[2025-08-11 20:58:51] ERROR: SigNoz Frontend / - Expected: 404, Got: 200
[2025-08-11 20:59:21] ERROR: Oracle /api/v1/health - Expected: 200, Got: 403
[2025-08-11 20:59:21] ERROR: Imisanzu /api/v1/health - Expected: 200, Got: 403
[2025-08-11 20:59:21] ERROR: Imisanzu /api/v1/contributions - Expected: 200, Got: 404
[2025-08-11 20:59:22] ERROR: SigNoz Query /api/v1/version - Expected: 200, Got: 000000
[2025-08-11 20:59:22] ERROR: SigNoz Frontend / - Expected: 404, Got: 200
[2025-08-11 20:59:52] ERROR: Oracle /api/v1/health - Expected: 200, Got: 403
[2025-08-11 20:59:52] ERROR: Imisanzu /api/v1/health - Expected: 200, Got: 403
[2025-08-11 20:59:52] ERROR: Imisanzu /api/v1/contributions - Expected: 200, Got: 404
[2025-08-11 20:59:52] ERROR: SigNoz Query /api/v1/version - Expected: 200, Got: 000000
[2025-08-11 20:59:52] ERROR: SigNoz Frontend / - Expected: 404, Got: 200
[2025-08-11 21:00:22] ERROR: Oracle /api/v1/health - Expected: 200, Got: 403
[2025-08-11 21:00:22] ERROR: Imisanzu /api/v1/health - Expected: 200, Got: 403
[2025-08-11 21:00:22] ERROR: Imisanzu /api/v1/contributions - Expected: 200, Got: 404
[2025-08-11 21:00:22] ERROR: SigNoz Query /api/v1/version - Expected: 200, Got: 000000
[2025-08-11 21:00:22] ERROR: SigNoz Frontend / - Expected: 404, Got: 200
[2025-08-11 21:00:52] ERROR: Simulated failure for Oracle /api/v1/health
[2025-08-11 21:00:52] ERROR: Simulated failure for Oracle /api/v1/employees
[2025-08-11 21:00:52] ERROR: Simulated failure for Imisanzu /api/v1/health
[2025-08-11 21:00:52] ERROR: Simulated failure for Imisanzu /api/v1/contributions
[2025-08-11 21:00:52] ERROR: Simulated failure for Prometheus /-/ready
[2025-08-11 21:00:52] ERROR: Simulated failure for Grafana /api/health
[2025-08-11 21:00:52] ERROR: Simulated failure for SigNoz Query /api/v1/version
[2025-08-11 21:00:52] ERROR: Simulated failure for SigNoz Frontend /
[2025-08-11 21:01:22] ERROR: Oracle /api/v1/health - Expected: 200, Got: 403
[2025-08-11 21:01:22] ERROR: Imisanzu /api/v1/health - Expected: 200, Got: 403
[2025-08-11 21:01:22] ERROR: Imisanzu /api/v1/contributions - Expected: 200, Got: 404
[2025-08-11 21:01:22] ERROR: SigNoz Query /api/v1/version - Expected: 200, Got: 000000
[2025-08-11 21:01:22] ERROR: SigNoz Frontend / - Expected: 404, Got: 200
[2025-08-11 21:01:52] ERROR: Oracle /api/v1/health - Expected: 200, Got: 403
[2025-08-11 21:01:53] ERROR: Imisanzu /api/v1/health - Expected: 200, Got: 403
[2025-08-11 21:01:53] ERROR: Imisanzu /api/v1/contributions - Expected: 200, Got: 404
[2025-08-11 21:01:53] ERROR: SigNoz Query /api/v1/version - Expected: 200, Got: 000000
[2025-08-11 21:01:53] ERROR: SigNoz Frontend / - Expected: 404, Got: 200
[2025-08-11 21:02:23] ERROR: Oracle /api/v1/health - Expected: 200, Got: 403
[2025-08-11 21:02:23] ERROR: Imisanzu /api/v1/health - Expected: 200, Got: 403
[2025-08-11 21:02:23] ERROR: Imisanzu /api/v1/contributions - Expected: 200, Got: 404
[2025-08-11 21:02:23] ERROR: SigNoz Query /api/v1/version - Expected: 200, Got: 000000
[2025-08-11 21:02:23] ERROR: SigNoz Frontend / - Expected: 404, Got: 200
[2025-08-11 21:02:53] ERROR: Oracle /api/v1/health - Expected: 200, Got: 403
[2025-08-11 21:02:53] ERROR: Imisanzu /api/v1/health - Expected: 200, Got: 403
[2025-08-11 21:02:53] ERROR: Imisanzu /api/v1/contributions - Expected: 200, Got: 404
[2025-08-11 21:02:53] ERROR: SigNoz Query /api/v1/version - Expected: 200, Got: 000000
[2025-08-11 21:02:53] ERROR: SigNoz Frontend / - Expected: 404, Got: 200
[2025-08-11 21:03:23] ERROR: Oracle /api/v1/health - Expected: 200, Got: 403
[2025-08-11 21:03:23] ERROR: Imisanzu /api/v1/health - Expected: 200, Got: 403
[2025-08-11 21:03:23] ERROR: Imisanzu /api/v1/contributions - Expected: 200, Got: 404
[2025-08-11 21:03:23] ERROR: SigNoz Query /api/v1/version - Expected: 200, Got: 000000
[2025-08-11 21:03:23] ERROR: SigNoz Frontend / - Expected: 404, Got: 200
[2025-08-11 21:03:53] ERROR: Oracle /api/v1/health - Expected: 200, Got: 403
[2025-08-11 21:03:53] ERROR: Imisanzu /api/v1/health - Expected: 200, Got: 403
[2025-08-11 21:03:53] ERROR: Imisanzu /api/v1/contributions - Expected: 200, Got: 404
[2025-08-11 21:03:53] ERROR: SigNoz Query /api/v1/version - Expected: 200, Got: 000000
[2025-08-11 21:03:53] ERROR: SigNoz Frontend / - Expected: 404, Got: 200
[2025-08-11 21:04:24] ERROR: Simulated failure for Oracle /api/v1/health
[2025-08-11 21:04:24] ERROR: Simulated failure for Oracle /api/v1/employees
[2025-08-11 21:04:24] ERROR: Simulated failure for Imisanzu /api/v1/health
[2025-08-11 21:04:24] ERROR: Simulated failure for Imisanzu /api/v1/contributions
[2025-08-11 21:04:24] ERROR: Simulated failure for Prometheus /-/ready
[2025-08-11 21:04:24] ERROR: Simulated failure for Grafana /api/health
[2025-08-11 21:04:24] ERROR: Simulated failure for SigNoz Query /api/v1/version
[2025-08-11 21:04:24] ERROR: Simulated failure for SigNoz Frontend /
[2025-08-11 21:04:54] ERROR: Oracle /api/v1/health - Expected: 200, Got: 403
[2025-08-11 21:04:54] ERROR: Imisanzu /api/v1/health - Expected: 200, Got: 403
[2025-08-11 21:04:54] ERROR: Imisanzu /api/v1/contributions - Expected: 200, Got: 404
[2025-08-11 21:04:54] ERROR: SigNoz Query /api/v1/version - Expected: 200, Got: 000000
[2025-08-11 21:04:54] ERROR: SigNoz Frontend / - Expected: 404, Got: 200
[2025-08-11 21:05:24] ERROR: Oracle /api/v1/health - Expected: 200, Got: 403
[2025-08-11 21:05:24] ERROR: Imisanzu /api/v1/health - Expected: 200, Got: 403
[2025-08-11 21:05:24] ERROR: Imisanzu /api/v1/contributions - Expected: 200, Got: 404
[2025-08-11 21:05:24] ERROR: SigNoz Query /api/v1/version - Expected: 200, Got: 000000
[2025-08-11 21:05:24] ERROR: SigNoz Frontend / - Expected: 404, Got: 200
[2025-08-11 21:05:54] ERROR: Oracle /api/v1/health - Expected: 200, Got: 403
[2025-08-11 21:05:54] ERROR: Imisanzu /api/v1/health - Expected: 200, Got: 403
[2025-08-11 21:05:54] ERROR: Imisanzu /api/v1/contributions - Expected: 200, Got: 404
[2025-08-11 21:05:54] ERROR: SigNoz Query /api/v1/version - Expected: 200, Got: 000000
[2025-08-11 21:05:54] ERROR: SigNoz Frontend / - Expected: 404, Got: 200
[2025-08-11 21:06:24] ERROR: Oracle /api/v1/health - Expected: 200, Got: 403
[2025-08-11 21:06:24] ERROR: Imisanzu /api/v1/health - Expected: 200, Got: 403
[2025-08-11 21:06:24] ERROR: Imisanzu /api/v1/contributions - Expected: 200, Got: 404
[2025-08-11 21:06:24] ERROR: SigNoz Frontend / - Expected: 404, Got: 200
[2025-08-11 21:06:55] ERROR: Oracle /api/v1/health - Expected: 200, Got: 403
[2025-08-11 21:06:55] ERROR: Imisanzu /api/v1/health - Expected: 200, Got: 403
[2025-08-11 21:06:55] ERROR: Imisanzu /api/v1/contributions - Expected: 200, Got: 404
[2025-08-11 21:06:55] ERROR: SigNoz Frontend / - Expected: 404, Got: 200
[2025-08-11 21:07:25] ERROR: Oracle /api/v1/health - Expected: 200, Got: 403
[2025-08-11 21:07:25] ERROR: Imisanzu /api/v1/health - Expected: 200, Got: 403
[2025-08-11 21:07:25] ERROR: Imisanzu /api/v1/contributions - Expected: 200, Got: 404
[2025-08-11 21:07:25] ERROR: SigNoz Frontend / - Expected: 404, Got: 200
[2025-08-11 21:07:55] ERROR: Simulated failure for Oracle /api/v1/health
[2025-08-11 21:07:55] ERROR: Simulated failure for Oracle /api/v1/employees
[2025-08-11 21:07:55] ERROR: Simulated failure for Imisanzu /api/v1/health
[2025-08-11 21:07:55] ERROR: Simulated failure for Imisanzu /api/v1/contributions
[2025-08-11 21:07:55] ERROR: Simulated failure for Prometheus /-/ready
[2025-08-11 21:07:55] ERROR: Simulated failure for Grafana /api/health
[2025-08-11 21:07:55] ERROR: Simulated failure for SigNoz Query /api/v1/version
[2025-08-11 21:07:55] ERROR: Simulated failure for SigNoz Frontend /
[2025-08-11 21:08:25] ERROR: Oracle /api/v1/health - Expected: 200, Got: 403
[2025-08-11 21:08:25] ERROR: Imisanzu /api/v1/health - Expected: 200, Got: 403
[2025-08-11 21:08:25] ERROR: Imisanzu /api/v1/contributions - Expected: 200, Got: 404
[2025-08-11 21:08:25] ERROR: SigNoz Frontend / - Expected: 404, Got: 200
[2025-08-11 21:08:55] ERROR: Oracle /api/v1/health - Expected: 200, Got: 403
[2025-08-11 21:08:55] ERROR: Imisanzu /api/v1/health - Expected: 200, Got: 403
[2025-08-11 21:08:55] ERROR: Imisanzu /api/v1/contributions - Expected: 200, Got: 404
[2025-08-11 21:08:56] ERROR: SigNoz Frontend / - Expected: 404, Got: 200
[2025-08-11 21:09:26] ERROR: Oracle /api/v1/health - Expected: 200, Got: 403
[2025-08-11 21:09:26] ERROR: Imisanzu /api/v1/health - Expected: 200, Got: 403
[2025-08-11 21:09:26] ERROR: Imisanzu /api/v1/contributions - Expected: 200, Got: 404
[2025-08-11 21:09:26] ERROR: SigNoz Frontend / - Expected: 404, Got: 200
[2025-08-11 21:09:56] ERROR: Oracle /api/v1/health - Expected: 200, Got: 403
[2025-08-11 21:09:56] ERROR: Imisanzu /api/v1/health - Expected: 200, Got: 403
[2025-08-11 21:09:56] ERROR: Imisanzu /api/v1/contributions - Expected: 200, Got: 404
[2025-08-11 21:09:56] ERROR: SigNoz Frontend / - Expected: 404, Got: 200
[2025-08-11 21:10:26] ERROR: Oracle /api/v1/health - Expected: 200, Got: 403
[2025-08-11 21:10:26] ERROR: Imisanzu /api/v1/health - Expected: 200, Got: 403
[2025-08-11 21:10:26] ERROR: Imisanzu /api/v1/contributions - Expected: 200, Got: 404
[2025-08-11 21:10:26] ERROR: SigNoz Frontend / - Expected: 404, Got: 200
[2025-08-11 21:10:57] ERROR: Oracle /api/v1/health - Expected: 200, Got: 403
[2025-08-11 21:10:57] ERROR: Imisanzu /api/v1/health - Expected: 200, Got: 403
[2025-08-11 21:10:57] ERROR: Imisanzu /api/v1/contributions - Expected: 200, Got: 404
[2025-08-11 21:10:57] ERROR: SigNoz Frontend / - Expected: 404, Got: 200
[2025-08-11 21:11:27] ERROR: Simulated failure for Oracle /api/v1/health
[2025-08-11 21:11:27] ERROR: Simulated failure for Oracle /api/v1/employees
[2025-08-11 21:11:27] ERROR: Simulated failure for Imisanzu /api/v1/health
[2025-08-11 21:11:27] ERROR: Simulated failure for Imisanzu /api/v1/contributions
[2025-08-11 21:11:27] ERROR: Simulated failure for Prometheus /-/ready
[2025-08-11 21:11:27] ERROR: Simulated failure for Grafana /api/health
[2025-08-11 21:11:27] ERROR: Simulated failure for SigNoz Query /api/v1/version
[2025-08-11 21:11:27] ERROR: Simulated failure for SigNoz Frontend /
[2025-08-11 21:11:57] ERROR: Oracle /api/v1/health - Expected: 200, Got: 403
[2025-08-11 21:11:57] ERROR: Imisanzu /api/v1/health - Expected: 200, Got: 403
[2025-08-11 21:11:57] ERROR: Imisanzu /api/v1/contributions - Expected: 200, Got: 404
[2025-08-11 21:11:57] ERROR: SigNoz Frontend / - Expected: 404, Got: 200
[2025-08-11 21:12:27] ERROR: Oracle /api/v1/health - Expected: 200, Got: 403
[2025-08-11 21:12:27] ERROR: Imisanzu /api/v1/health - Expected: 200, Got: 403
[2025-08-11 21:12:27] ERROR: Imisanzu /api/v1/contributions - Expected: 200, Got: 404
[2025-08-11 21:12:27] ERROR: SigNoz Frontend / - Expected: 404, Got: 200
[2025-08-11 21:12:57] ERROR: Oracle /api/v1/health - Expected: 200, Got: 403
[2025-08-11 21:12:58] ERROR: Imisanzu /api/v1/health - Expected: 200, Got: 403
[2025-08-11 21:12:58] ERROR: Imisanzu /api/v1/contributions - Expected: 200, Got: 404
[2025-08-11 21:12:58] ERROR: SigNoz Frontend / - Expected: 404, Got: 200
[2025-08-11 21:13:28] ERROR: Oracle /api/v1/health - Expected: 200, Got: 403
[2025-08-11 21:13:28] ERROR: Imisanzu /api/v1/health - Expected: 200, Got: 403
[2025-08-11 21:13:28] ERROR: Imisanzu /api/v1/contributions - Expected: 200, Got: 404
[2025-08-11 21:13:28] ERROR: SigNoz Frontend / - Expected: 404, Got: 200
[2025-08-11 21:13:58] ERROR: Oracle /api/v1/health - Expected: 200, Got: 403
[2025-08-11 21:13:58] ERROR: Imisanzu /api/v1/health - Expected: 200, Got: 403
[2025-08-11 21:13:58] ERROR: Imisanzu /api/v1/contributions - Expected: 200, Got: 404
[2025-08-11 21:13:58] ERROR: SigNoz Frontend / - Expected: 404, Got: 200
[2025-08-11 21:14:28] ERROR: Oracle /api/v1/health - Expected: 200, Got: 403
[2025-08-11 21:14:28] ERROR: Imisanzu /api/v1/health - Expected: 200, Got: 403
[2025-08-11 21:14:28] ERROR: Imisanzu /api/v1/contributions - Expected: 200, Got: 404
[2025-08-11 21:14:29] ERROR: SigNoz Frontend / - Expected: 404, Got: 200
[2025-08-11 21:14:59] ERROR: Simulated failure for Oracle /api/v1/health
[2025-08-11 21:14:59] ERROR: Simulated failure for Oracle /api/v1/employees
[2025-08-11 21:14:59] ERROR: Simulated failure for Imisanzu /api/v1/health
[2025-08-11 21:14:59] ERROR: Simulated failure for Imisanzu /api/v1/contributions
[2025-08-11 21:14:59] ERROR: Simulated failure for Prometheus /-/ready
[2025-08-11 21:14:59] ERROR: Simulated failure for Grafana /api/health
[2025-08-11 21:14:59] ERROR: Simulated failure for SigNoz Query /api/v1/version
[2025-08-11 21:14:59] ERROR: Simulated failure for SigNoz Frontend /
[2025-08-11 21:15:29] ERROR: Oracle /api/v1/health - Expected: 200, Got: 403
[2025-08-11 21:15:29] ERROR: Imisanzu /api/v1/health - Expected: 200, Got: 403
[2025-08-11 21:15:29] ERROR: Imisanzu /api/v1/contributions - Expected: 200, Got: 404
[2025-08-11 21:15:29] ERROR: SigNoz Frontend / - Expected: 404, Got: 200
[2025-08-11 21:15:59] ERROR: Oracle /api/v1/health - Expected: 200, Got: 403
[2025-08-11 21:15:59] ERROR: Imisanzu /api/v1/health - Expected: 200, Got: 403
[2025-08-11 21:15:59] ERROR: Imisanzu /api/v1/contributions - Expected: 200, Got: 404
[2025-08-11 21:15:59] ERROR: SigNoz Frontend / - Expected: 404, Got: 200
[2025-08-11 21:16:29] ERROR: Oracle /api/v1/health - Expected: 200, Got: 403
[2025-08-11 21:16:29] ERROR: Imisanzu /api/v1/health - Expected: 200, Got: 403
[2025-08-11 21:16:29] ERROR: Imisanzu /api/v1/contributions - Expected: 200, Got: 404
[2025-08-11 21:16:29] ERROR: SigNoz Frontend / - Expected: 404, Got: 200
[2025-08-11 21:17:00] ERROR: Oracle /api/v1/health - Expected: 200, Got: 403
[2025-08-11 21:17:00] ERROR: Imisanzu /api/v1/health - Expected: 200, Got: 403
[2025-08-11 21:17:00] ERROR: Imisanzu /api/v1/contributions - Expected: 200, Got: 404
[2025-08-11 21:17:00] ERROR: SigNoz Frontend / - Expected: 404, Got: 200
[2025-08-11 21:17:30] ERROR: Oracle /api/v1/health - Expected: 200, Got: 403
[2025-08-11 21:17:30] ERROR: Imisanzu /api/v1/health - Expected: 200, Got: 403
[2025-08-11 21:17:30] ERROR: Imisanzu /api/v1/contributions - Expected: 200, Got: 404
[2025-08-11 21:17:30] ERROR: SigNoz Frontend / - Expected: 404, Got: 200
[2025-08-11 21:18:00] ERROR: Oracle /api/v1/health - Expected: 200, Got: 403
[2025-08-11 21:18:00] ERROR: Imisanzu /api/v1/health - Expected: 200, Got: 403
[2025-08-11 21:18:00] ERROR: Imisanzu /api/v1/contributions - Expected: 200, Got: 404
[2025-08-11 21:18:00] ERROR: SigNoz Frontend / - Expected: 404, Got: 200
[2025-08-11 21:18:30] ERROR: Simulated failure for Oracle /api/v1/health
[2025-08-11 21:18:30] ERROR: Simulated failure for Oracle /api/v1/employees
[2025-08-11 21:18:30] ERROR: Simulated failure for Imisanzu /api/v1/health
[2025-08-11 21:18:30] ERROR: Simulated failure for Imisanzu /api/v1/contributions
[2025-08-11 21:18:30] ERROR: Simulated failure for Prometheus /-/ready
[2025-08-11 21:18:30] ERROR: Simulated failure for Grafana /api/health
[2025-08-11 21:18:30] ERROR: Simulated failure for SigNoz Query /api/v1/version
[2025-08-11 21:18:30] ERROR: Simulated failure for SigNoz Frontend /
[2025-08-11 21:19:00] ERROR: Oracle /api/v1/health - Expected: 200, Got: 403
[2025-08-11 21:19:01] ERROR: Imisanzu /api/v1/health - Expected: 200, Got: 403
[2025-08-11 21:19:01] ERROR: Imisanzu /api/v1/contributions - Expected: 200, Got: 404
[2025-08-11 21:19:01] ERROR: SigNoz Frontend / - Expected: 404, Got: 200
[2025-08-11 21:19:31] ERROR: Oracle /api/v1/health - Expected: 200, Got: 403
[2025-08-11 21:19:31] ERROR: Imisanzu /api/v1/health - Expected: 200, Got: 403
[2025-08-11 21:19:31] ERROR: Imisanzu /api/v1/contributions - Expected: 200, Got: 404
[2025-08-11 21:19:31] ERROR: SigNoz Frontend / - Expected: 404, Got: 200
[2025-08-11 21:20:01] ERROR: Oracle /api/v1/health - Expected: 200, Got: 403
[2025-08-11 21:20:01] ERROR: Imisanzu /api/v1/health - Expected: 200, Got: 403
[2025-08-11 21:20:01] ERROR: Imisanzu /api/v1/contributions - Expected: 200, Got: 404
[2025-08-11 21:20:01] ERROR: SigNoz Frontend / - Expected: 404, Got: 200
[2025-08-11 21:20:31] ERROR: Oracle /api/v1/health - Expected: 200, Got: 403
[2025-08-11 21:20:31] ERROR: Imisanzu /api/v1/health - Expected: 200, Got: 403
[2025-08-11 21:20:31] ERROR: Imisanzu /api/v1/contributions - Expected: 200, Got: 404
[2025-08-11 21:20:31] ERROR: SigNoz Frontend / - Expected: 404, Got: 200
[2025-08-11 21:21:01] ERROR: Oracle /api/v1/health - Expected: 200, Got: 403
[2025-08-11 21:21:02] ERROR: Imisanzu /api/v1/health - Expected: 200, Got: 403
[2025-08-11 21:21:02] ERROR: Imisanzu /api/v1/contributions - Expected: 200, Got: 404
[2025-08-11 21:21:02] ERROR: SigNoz Frontend / - Expected: 404, Got: 200
[2025-08-11 21:21:32] ERROR: Oracle /api/v1/health - Expected: 200, Got: 403
[2025-08-11 21:21:32] ERROR: Imisanzu /api/v1/health - Expected: 200, Got: 403
[2025-08-11 21:21:32] ERROR: Imisanzu /api/v1/contributions - Expected: 200, Got: 404
[2025-08-11 21:21:32] ERROR: SigNoz Frontend / - Expected: 404, Got: 200
[2025-08-11 21:22:02] ERROR: Simulated failure for Oracle /api/v1/health
[2025-08-11 21:22:02] ERROR: Simulated failure for Oracle /api/v1/employees
[2025-08-11 21:22:02] ERROR: Simulated failure for Imisanzu /api/v1/health
[2025-08-11 21:22:02] ERROR: Simulated failure for Imisanzu /api/v1/contributions
[2025-08-11 21:22:02] ERROR: Simulated failure for Prometheus /-/ready
[2025-08-11 21:22:02] ERROR: Simulated failure for Grafana /api/health
[2025-08-11 21:22:02] ERROR: Simulated failure for SigNoz Query /api/v1/version
[2025-08-11 21:22:02] ERROR: Simulated failure for SigNoz Frontend /
[2025-08-11 21:22:32] ERROR: Oracle /api/v1/health - Expected: 200, Got: 403
[2025-08-11 21:22:32] ERROR: Imisanzu /api/v1/health - Expected: 200, Got: 403
[2025-08-11 21:22:32] ERROR: Imisanzu /api/v1/contributions - Expected: 200, Got: 404
[2025-08-11 21:22:32] ERROR: SigNoz Frontend / - Expected: 404, Got: 200
[2025-08-11 21:23:03] ERROR: Oracle /api/v1/health - Expected: 200, Got: 403
[2025-08-11 21:23:03] ERROR: Imisanzu /api/v1/health - Expected: 200, Got: 403
[2025-08-11 21:23:03] ERROR: Imisanzu /api/v1/contributions - Expected: 200, Got: 404
[2025-08-11 21:23:03] ERROR: SigNoz Frontend / - Expected: 404, Got: 200
[2025-08-11 21:23:33] ERROR: Oracle /api/v1/health - Expected: 200, Got: 403
[2025-08-11 21:23:33] ERROR: Imisanzu /api/v1/health - Expected: 200, Got: 403
[2025-08-11 21:23:33] ERROR: Imisanzu /api/v1/contributions - Expected: 200, Got: 404
[2025-08-11 21:23:33] ERROR: SigNoz Frontend / - Expected: 404, Got: 200
[2025-08-11 21:24:03] ERROR: Oracle /api/v1/health - Expected: 200, Got: 403
[2025-08-11 21:24:03] ERROR: Imisanzu /api/v1/health - Expected: 200, Got: 403
[2025-08-11 21:24:03] ERROR: Imisanzu /api/v1/contributions - Expected: 200, Got: 404
[2025-08-11 21:24:03] ERROR: SigNoz Frontend / - Expected: 404, Got: 200
[2025-08-11 21:24:33] ERROR: Oracle /api/v1/health - Expected: 200, Got: 403
[2025-08-11 21:24:33] ERROR: Imisanzu /api/v1/health - Expected: 200, Got: 403
[2025-08-11 21:24:33] ERROR: Imisanzu /api/v1/contributions - Expected: 200, Got: 404
[2025-08-11 21:24:34] ERROR: SigNoz Frontend / - Expected: 404, Got: 200
[2025-08-11 21:25:04] ERROR: Oracle /api/v1/health - Expected: 200, Got: 403
[2025-08-11 21:25:04] ERROR: Imisanzu /api/v1/health - Expected: 200, Got: 403
[2025-08-11 21:25:04] ERROR: Imisanzu /api/v1/contributions - Expected: 200, Got: 404
[2025-08-11 21:25:04] ERROR: SigNoz Frontend / - Expected: 404, Got: 200
[2025-08-11 21:25:34] ERROR: Simulated failure for Oracle /api/v1/health
[2025-08-11 21:25:34] ERROR: Simulated failure for Oracle /api/v1/employees
[2025-08-11 21:25:34] ERROR: Simulated failure for Imisanzu /api/v1/health
[2025-08-11 21:25:34] ERROR: Simulated failure for Imisanzu /api/v1/contributions
[2025-08-11 21:25:34] ERROR: Simulated failure for Prometheus /-/ready
[2025-08-11 21:25:34] ERROR: Simulated failure for Grafana /api/health
[2025-08-11 21:25:34] ERROR: Simulated failure for SigNoz Query /api/v1/version
[2025-08-11 21:25:34] ERROR: Simulated failure for SigNoz Frontend /
[2025-08-11 21:26:04] ERROR: Oracle /api/v1/health - Expected: 200, Got: 403
[2025-08-11 21:26:04] ERROR: Imisanzu /api/v1/health - Expected: 200, Got: 403
[2025-08-11 21:26:04] ERROR: Imisanzu /api/v1/contributions - Expected: 200, Got: 404
[2025-08-11 21:26:04] ERROR: SigNoz Frontend / - Expected: 404, Got: 200
[2025-08-11 21:26:34] ERROR: Oracle /api/v1/health - Expected: 200, Got: 403
[2025-08-11 21:26:34] ERROR: Imisanzu /api/v1/health - Expected: 200, Got: 403
[2025-08-11 21:26:34] ERROR: Imisanzu /api/v1/contributions - Expected: 200, Got: 404
[2025-08-11 21:26:34] ERROR: SigNoz Frontend / - Expected: 404, Got: 200
[2025-08-11 21:27:04] ERROR: Oracle /api/v1/health - Expected: 200, Got: 403
[2025-08-11 21:27:05] ERROR: Imisanzu /api/v1/health - Expected: 200, Got: 403
[2025-08-11 21:27:05] ERROR: Imisanzu /api/v1/contributions - Expected: 200, Got: 404
[2025-08-11 21:27:05] ERROR: SigNoz Frontend / - Expected: 404, Got: 200
[2025-08-11 21:27:35] ERROR: Oracle /api/v1/health - Expected: 200, Got: 403
[2025-08-11 21:27:35] ERROR: Imisanzu /api/v1/health - Expected: 200, Got: 403
[2025-08-11 21:27:35] ERROR: Imisanzu /api/v1/contributions - Expected: 200, Got: 404
[2025-08-11 21:27:35] ERROR: SigNoz Frontend / - Expected: 404, Got: 200
[2025-08-11 21:28:05] ERROR: Oracle /api/v1/health - Expected: 200, Got: 403
[2025-08-11 21:28:05] ERROR: Imisanzu /api/v1/health - Expected: 200, Got: 403
[2025-08-11 21:28:05] ERROR: Imisanzu /api/v1/contributions - Expected: 200, Got: 404
[2025-08-11 21:28:05] ERROR: SigNoz Frontend / - Expected: 404, Got: 200
[2025-08-11 21:28:35] ERROR: Oracle /api/v1/health - Expected: 200, Got: 403
[2025-08-11 21:28:35] ERROR: Imisanzu /api/v1/health - Expected: 200, Got: 403
[2025-08-11 21:28:35] ERROR: Imisanzu /api/v1/contributions - Expected: 200, Got: 404
[2025-08-11 21:28:36] ERROR: SigNoz Frontend / - Expected: 404, Got: 200
[2025-08-11 21:29:06] ERROR: Simulated failure for Oracle /api/v1/health
[2025-08-11 21:29:06] ERROR: Simulated failure for Oracle /api/v1/employees
[2025-08-11 21:29:06] ERROR: Simulated failure for Imisanzu /api/v1/health
[2025-08-11 21:29:06] ERROR: Simulated failure for Imisanzu /api/v1/contributions
[2025-08-11 21:29:06] ERROR: Simulated failure for Prometheus /-/ready
[2025-08-11 21:29:06] ERROR: Simulated failure for Grafana /api/health
[2025-08-11 21:29:06] ERROR: Simulated failure for SigNoz Query /api/v1/version
[2025-08-11 21:29:06] ERROR: Simulated failure for SigNoz Frontend /
[2025-08-11 21:29:36] ERROR: Oracle /api/v1/health - Expected: 200, Got: 403
[2025-08-11 21:29:36] ERROR: Imisanzu /api/v1/health - Expected: 200, Got: 403
[2025-08-11 21:29:36] ERROR: Imisanzu /api/v1/contributions - Expected: 200, Got: 404
[2025-08-11 21:29:36] ERROR: SigNoz Frontend / - Expected: 404, Got: 200
[2025-08-11 21:30:06] ERROR: Oracle /api/v1/health - Expected: 200, Got: 403
[2025-08-11 21:30:06] ERROR: Imisanzu /api/v1/health - Expected: 200, Got: 403
[2025-08-11 21:30:06] ERROR: Imisanzu /api/v1/contributions - Expected: 200, Got: 404
[2025-08-11 21:30:06] ERROR: SigNoz Frontend / - Expected: 404, Got: 200
[2025-08-11 21:30:36] ERROR: Oracle /api/v1/health - Expected: 200, Got: 403
[2025-08-11 21:30:37] ERROR: Imisanzu /api/v1/health - Expected: 200, Got: 403
[2025-08-11 21:30:37] ERROR: Imisanzu /api/v1/contributions - Expected: 200, Got: 404
[2025-08-11 21:30:37] ERROR: SigNoz Frontend / - Expected: 404, Got: 200
[2025-08-11 21:31:07] ERROR: Oracle /api/v1/health - Expected: 200, Got: 403
[2025-08-11 21:31:07] ERROR: Imisanzu /api/v1/health - Expected: 200, Got: 403
[2025-08-11 21:31:07] ERROR: Imisanzu /api/v1/contributions - Expected: 200, Got: 404
[2025-08-11 21:31:07] ERROR: SigNoz Frontend / - Expected: 404, Got: 200
[2025-08-11 21:31:37] ERROR: Oracle /api/v1/health - Expected: 200, Got: 403
[2025-08-11 21:31:37] ERROR: Imisanzu /api/v1/health - Expected: 200, Got: 403
[2025-08-11 21:31:37] ERROR: Imisanzu /api/v1/contributions - Expected: 200, Got: 404
[2025-08-11 21:31:37] ERROR: SigNoz Frontend / - Expected: 404, Got: 200
[2025-08-11 21:32:07] ERROR: Oracle /api/v1/health - Expected: 200, Got: 403
[2025-08-11 21:32:07] ERROR: Imisanzu /api/v1/health - Expected: 200, Got: 403
[2025-08-11 21:32:07] ERROR: Imisanzu /api/v1/contributions - Expected: 200, Got: 404
[2025-08-11 21:32:07] ERROR: SigNoz Frontend / - Expected: 404, Got: 200
